0 info it worked if it ends with ok
1 verbose cli [ '/usr/local/bin/node',
1 verbose cli   '/usr/local/bin/npm',
1 verbose cli   'install',
1 verbose cli   '-g',
1 verbose cli   'browser-sync' ]
2 info using npm@2.15.9
3 info using node@v4.6.0
4 verbose install initial load of /usr/local/lib/package.json
5 verbose readDependencies loading dependencies from /usr/local/lib/package.json
6 silly cache add args [ 'browser-sync', null ]
7 verbose cache add spec browser-sync
8 silly cache add parsed spec Result {
8 silly cache add   raw: 'browser-sync',
8 silly cache add   scope: null,
8 silly cache add   name: 'browser-sync',
8 silly cache add   rawSpec: '',
8 silly cache add   spec: 'latest',
8 silly cache add   type: 'tag' }
9 silly addNamed browser-sync@latest
10 verbose addNamed "latest" is being treated as a dist-tag for browser-sync
11 info addNameTag [ 'browser-sync', 'latest' ]
12 silly mapToRegistry name browser-sync
13 silly mapToRegistry using default registry
14 silly mapToRegistry registry https://registry.npmjs.org/
15 silly mapToRegistry data Result {
15 silly mapToRegistry   raw: 'browser-sync',
15 silly mapToRegistry   scope: null,
15 silly mapToRegistry   name: 'browser-sync',
15 silly mapToRegistry   rawSpec: '',
15 silly mapToRegistry   spec: 'latest',
15 silly mapToRegistry   type: 'tag' }
16 silly mapToRegistry uri https://registry.npmjs.org/browser-sync
17 verbose addNameTag registry:https://registry.npmjs.org/browser-sync not in flight; fetching
18 verbose request uri https://registry.npmjs.org/browser-sync
19 verbose request no auth needed
20 info attempt registry request try #1 at 8:52:04 AM
21 verbose request id 2c6edebd3b005fe9
22 verbose etag "9Q4H41YSS54Y917R1IP22KA5D"
23 http request GET https://registry.npmjs.org/browser-sync
24 http 304 https://registry.npmjs.org/browser-sync
25 verbose headers { date: 'Mon, 10 Oct 2016 15:52:04 GMT',
25 verbose headers   via: '1.1 varnish',
25 verbose headers   'cache-control': 'max-age=300',
25 verbose headers   etag: '"9Q4H41YSS54Y917R1IP22KA5D"',
25 verbose headers   age: '24',
25 verbose headers   connection: 'keep-alive',
25 verbose headers   'x-served-by': 'cache-sea1920-SEA',
25 verbose headers   'x-cache': 'HIT',
25 verbose headers   'x-cache-hits': '1',
25 verbose headers   'x-timer': 'S1476114724.866408,VS0,VE0',
25 verbose headers   vary: 'Accept-Encoding' }
26 silly get cb [ 304,
26 silly get   { date: 'Mon, 10 Oct 2016 15:52:04 GMT',
26 silly get     via: '1.1 varnish',
26 silly get     'cache-control': 'max-age=300',
26 silly get     etag: '"9Q4H41YSS54Y917R1IP22KA5D"',
26 silly get     age: '24',
26 silly get     connection: 'keep-alive',
26 silly get     'x-served-by': 'cache-sea1920-SEA',
26 silly get     'x-cache': 'HIT',
26 silly get     'x-cache-hits': '1',
26 silly get     'x-timer': 'S1476114724.866408,VS0,VE0',
26 silly get     vary: 'Accept-Encoding' } ]
27 verbose etag https://registry.npmjs.org/browser-sync from cache
28 verbose get saving browser-sync to /Users/amywang/.npm/registry.npmjs.org/browser-sync/.cache.json
29 verbose correctMkdir /Users/amywang/.npm correctMkdir not in flight; initializing
30 silly addNameTag next cb for browser-sync with tag latest
31 silly addNamed browser-sync@2.17.2
32 verbose addNamed "2.17.2" is a plain semver version for browser-sync
33 silly cache afterAdd browser-sync@2.17.2
34 verbose afterAdd /Users/amywang/.npm/browser-sync/2.17.2/package/package.json not in flight; writing
35 verbose correctMkdir /Users/amywang/.npm correctMkdir not in flight; initializing
36 verbose afterAdd /Users/amywang/.npm/browser-sync/2.17.2/package/package.json written
37 silly install resolved [ { name: 'browser-sync',
37 silly install resolved     description: 'Live CSS Reload & Browser Syncing',
37 silly install resolved     version: '2.17.2',
37 silly install resolved     homepage: 'http://www.browsersync.io/',
37 silly install resolved     author: { name: 'Shane Osbourne' },
37 silly install resolved     repository:
37 silly install resolved      { type: 'git',
37 silly install resolved        url: 'git+https://github.com/browsersync/browser-sync.git' },
37 silly install resolved     license: 'Apache-2.0',
37 silly install resolved     bin: { 'browser-sync': 'bin/browser-sync.js' },
37 silly install resolved     files: [ 'bin', 'index.js', 'lib', 'lodash.custom.js' ],
37 silly install resolved     engines: { node: '>= 0.8.0' },
37 silly install resolved     scripts:
37 silly install resolved      { env: 'node ./test/env.js',
37 silly install resolved        test: 'npm run lint && npm run env && npm run unit',
37 silly install resolved        lint: 'eslint index.js lib bin examples test/specs gulpfile.js',
37 silly install resolved        pro: 'protractor test/protractor/config.single.js',
37 silly install resolved        'pro-local': 'node test/protractor/setup.js',
37 silly install resolved        unit: 'mocha --recursive test/specs --timeout 10000',
37 silly install resolved        cover: 'npm run env && npm run cover-local && npm run coveralls',
37 silly install resolved        'cover-local': 'istanbul cover -x lodash.custom.js _mocha -- --timeout 10000 --recursive ./test/specs',
37 silly install resolved        coveralls: 'istanbul-coveralls',
37 silly install resolved        'pre-release': 'npm test && npm run pro-local && npm run pro',
37 silly install resolved        lodash: 'lodash include=isUndefined,isFunction,toArray,includes,union,each,isString,merge,isObject,set exports=node' },
37 silly install resolved     dependencies:
37 silly install resolved      { 'browser-sync-client': '^2.3.3',
37 silly install resolved        'browser-sync-ui': '0.6.1',
37 silly install resolved        'bs-recipes': '1.2.3',
37 silly install resolved        chokidar: '1.6.0',
37 silly install resolved        connect: '3.5.0',
37 silly install resolved        'dev-ip': '^1.0.1',
37 silly install resolved        'easy-extender': '2.3.2',
37 silly install resolved        'eazy-logger': '3.0.2',
37 silly install resolved        'emitter-steward': '^1.0.0',
37 silly install resolved        'fs-extra': '0.30.0',
37 silly install resolved        'http-proxy': '1.15.1',
37 silly install resolved        immutable: '3.8.1',
37 silly install resolved        localtunnel: '1.8.1',
37 silly install resolved        micromatch: '2.3.11',
37 silly install resolved        opn: '4.0.2',
37 silly install resolved        portscanner: '^1.0.0',
37 silly install resolved        qs: '6.2.1',
37 silly install resolved        'resp-modifier': '6.0.2',
37 silly install resolved        rx: '4.1.0',
37 silly install resolved        'serve-index': '1.8.0',
37 silly install resolved        'serve-static': '1.11.1',
37 silly install resolved        'server-destroy': '1.0.1',
37 silly install resolved        'socket.io': '1.5.0',
37 silly install resolved        'ua-parser-js': '0.7.10',
37 silly install resolved        yargs: '6.0.0' },
37 silly install resolved     devDependencies:
37 silly install resolved      { 'browser-sync-spa': '1.0.3',
37 silly install resolved        'bs-html-injector': '3.0.3',
37 silly install resolved        'bs-latency': '1.0.0',
37 silly install resolved        'bs-rewrite-rules': '2.0.0',
37 silly install resolved        'bs-snippet-injector': '2.0.1',
37 silly install resolved        chai: '3.5.0',
37 silly install resolved        chalk: '1.1.3',
37 silly install resolved        compression: '1.6.2',
37 silly install resolved        eslint: '3.7.1',
37 silly install resolved        'graceful-fs': '4.1.9',
37 silly install resolved        gulp: '3.9.1',
37 silly install resolved        'gulp-contribs': '0.0.3',
37 silly install resolved        'gulp-conventional-changelog': '1.1.0',
37 silly install resolved        'gulp-filter': '4.0.0',
37 silly install resolved        istanbul: '0.4.5',
37 silly install resolved        'istanbul-coveralls': '1.0.3',
37 silly install resolved        'lodash-cli': '4.15.0',
37 silly install resolved        mocha: '3.0.2',
37 silly install resolved        q: '1.4.1',
37 silly install resolved        request: '2.74.0',
37 silly install resolved        rimraf: '2.5.4',
37 silly install resolved        sinon: '1.17.5',
37 silly install resolved        'socket.io-client': '1.5.0',
37 silly install resolved        supertest: '2.0.0',
37 silly install resolved        vinyl: '1.2.0' },
37 silly install resolved     keywords: [ 'browser sync', 'css', 'live reload', 'sync' ],
37 silly install resolved     gitHead: '41cbd425dcdb706b7570dbc0fa610f2d6f075f33',
37 silly install resolved     bugs: { url: 'https://github.com/browsersync/browser-sync/issues' },
37 silly install resolved     _id: 'browser-sync@2.17.2',
37 silly install resolved     _shasum: 'd4eaf87acb890b5aed0893c812af8a9268e76a1b',
37 silly install resolved     _from: 'browser-sync@latest',
37 silly install resolved     _npmVersion: '2.15.5',
37 silly install resolved     _nodeVersion: '4.4.5',
37 silly install resolved     _npmUser: { name: 'shakyshane', email: 'shakyshane@gmail.com' },
37 silly install resolved     dist:
37 silly install resolved      { shasum: 'd4eaf87acb890b5aed0893c812af8a9268e76a1b',
37 silly install resolved        tarball: 'https://registry.npmjs.org/browser-sync/-/browser-sync-2.17.2.tgz' },
37 silly install resolved     maintainers: [ [Object] ],
37 silly install resolved     _npmOperationalInternal:
37 silly install resolved      { host: 'packages-12-west.internal.npmjs.com',
37 silly install resolved        tmp: 'tmp/browser-sync-2.17.2.tgz_1476045934991_0.14874422480352223' },
37 silly install resolved     directories: {},
37 silly install resolved     _resolved: 'https://registry.npmjs.org/browser-sync/-/browser-sync-2.17.2.tgz',
37 silly install resolved     readme: 'ERROR: No README data found!' } ]
38 info install browser-sync@2.17.2 into /usr/local/lib
39 info installOne browser-sync@2.17.2
40 verbose installOne of browser-sync to /usr/local/lib not in flight; installing
41 verbose correctMkdir /Users/amywang/.npm/_locks correctMkdir not in flight; initializing
42 verbose lock using /Users/amywang/.npm/_locks/browser-sync-ed941186c435fb34.lock for /usr/local/lib/node_modules/browser-sync
43 silly install write writing browser-sync 2.17.2 to /usr/local/lib/node_modules/browser-sync
44 verbose unbuild lib/node_modules/browser-sync
45 info preuninstall browser-sync@2.17.2
46 info uninstall browser-sync@2.17.2
47 verbose unbuild rmStuff browser-sync@2.17.2 from /usr/local/lib/node_modules
48 silly gentlyRm /usr/local/bin/browser-sync is being gently removed
49 silly gentlyRm verifying /usr/local is an npm working directory
50 silly gentlyRm containing path /usr/local is under npm's control, in /usr/local
51 silly gentlyRm deletion target /usr/local/bin/browser-sync is under /usr/local
52 verbose gentlyRm vacuuming from /usr/local/bin/browser-sync up to /usr/local
53 silly vacuum-fs removing /usr/local/bin/browser-sync
54 verbose unlock done using /Users/amywang/.npm/_locks/browser-sync-ed941186c435fb34.lock for /usr/local/lib/node_modules/browser-sync
55 verbose stack Error: EACCES: permission denied, unlink '/usr/local/bin/browser-sync'
55 verbose stack     at Error (native)
56 verbose cwd /Users/amywang/Documents/info343/lecture03-css
57 error Darwin 15.6.0
58 error argv "/usr/local/bin/node" "/usr/local/bin/npm" "install" "-g" "browser-sync"
59 error node v4.6.0
60 error npm  v2.15.9
61 error path /usr/local/bin/browser-sync
62 error code EACCES
63 error errno -13
64 error syscall unlink
65 error Error: EACCES: permission denied, unlink '/usr/local/bin/browser-sync'
65 error     at Error (native)
65 error  { [Error: EACCES: permission denied, unlink '/usr/local/bin/browser-sync']
65 error   errno: -13,
65 error   code: 'EACCES',
65 error   syscall: 'unlink',
65 error   path: '/usr/local/bin/browser-sync' }
66 error Please try running this command again as root/Administrator.
67 verbose exit [ -13, true ]
68 verbose unbuild lib/node_modules/browser-sync
69 info preuninstall browser-sync@2.17.2
70 info uninstall browser-sync@2.17.2
71 verbose unbuild rmStuff browser-sync@2.17.2 from /usr/local/lib/node_modules
72 silly gentlyRm /usr/local/bin/browser-sync is being gently removed
73 silly gentlyRm verifying /usr/local is an npm working directory
74 silly gentlyRm containing path /usr/local is under npm's control, in /usr/local
75 silly gentlyRm deletion target /usr/local/bin/browser-sync is under /usr/local
76 verbose gentlyRm vacuuming from /usr/local/bin/browser-sync up to /usr/local
77 silly vacuum-fs removing /usr/local/bin/browser-sync
78 error error rolling back Error: EACCES: permission denied, unlink '/usr/local/bin/browser-sync'
78 error error rolling back     at Error (native)
78 error error rolling back  { [Error: EACCES: permission denied, unlink '/usr/local/bin/browser-sync']
78 error error rolling back   errno: -13,
78 error error rolling back   code: 'EACCES',
78 error error rolling back   syscall: 'unlink',
78 error error rolling back   path: '/usr/local/bin/browser-sync' }
